#
# A fatal error has been detected by the Java Runtime Environment:
#
#  Internal Error (javaClasses.cpp:129), pid=3668, tid=5436
#  fatal error: Invalid layout of preloaded class
#
# JRE version: 7.0_15-b03
# Java VM: Java HotSpot(TM) 64-Bit Server VM (23.7-b01 mixed mode windows-amd64 compressed oops)
# Failed to write core dump. Minidumps are not enabled by default on client versions of Windows
#
# If you would like to submit a bug report, please visit:
#   http://bugreport.sun.com/bugreport/crash.jsp
#

---------------  T H R E A D  ---------------

Current thread (0x0000000001f0c800):  JavaThread "Unknown thread" [_thread_in_vm, id=5436, stack(0x00000000020e0000,0x00000000021e0000)]

Stack: [0x00000000020e0000,0x00000000021e0000]

---------------  P R O C E S S  ---------------

Java Threads: ( => current thread )

Other Threads:

=>0x0000000001f0c800 (exited) JavaThread "Unknown thread" [_thread_in_vm, id=5436, stack(0x00000000020e0000,0x00000000021e0000)]

VM state:not at safepoint (not fully initialized)

VM Mutex/Monitor currently owned by a thread: None

GC Heap History (0 events):
No events

Deoptimization events (0 events):
No events

Internal exceptions (0 events):
No events

Events (10 events):
Event: 0.029 loading class 0x0000000001f5bc40 done
Event: 0.030 loading class 0x0000000001f25940 done
Event: 0.030 loading class 0x0000000001f25910
Event: 0.030 loading class 0x0000000001f63c60
Event: 0.030 loading class 0x0000000001f63c60 done
Event: 0.030 loading class 0x0000000001f63ca0
Event: 0.030 loading class 0x0000000001f63ca0 done
Event: 0.030 loading class 0x0000000001fad420
Event: 0.030 loading class 0x0000000001fad420 done
Event: 0.030 loading class 0x0000000001f25910 done


Dynamic libraries:
0x000000013fbf0000 - 0x000000013fc23000 	C:\Program Files\Java\jdk1.7.0_15\bin\javaw.exe
0x0000000077980000 - 0x0000000077b29000 	C:\Windows\SYSTEM32\ntdll.dll
0x0000000077860000 - 0x000000007797f000 	C:\Windows\system32\kernel32.dll
0x000007fefdb10000 - 0x000007fefdb7b000 	C:\Windows\system32\KERNELBASE.dll
0x000007feff980000 - 0x000007feffa5b000 	C:\Windows\system32\ADVAPI32.dll
0x000007fefdb90000 - 0x000007fefdc2f000 	C:\Windows\system32\msvcrt.dll
0x000007fefe040000 - 0x000007fefe05f000 	C:\Windows\SYSTEM32\sechost.dll
0x000007fefe060000 - 0x000007fefe18d000 	C:\Windows\system32\RPCRT4.dll
0x0000000077760000 - 0x000000007785a000 	C:\Windows\system32\USER32.dll
0x000007fefea00000 - 0x000007fefea67000 	C:\Windows\system32\GDI32.dll
0x000007fefea70000 - 0x000007fefea7e000 	C:\Windows\system32\LPK.dll
0x000007fefdc30000 - 0x000007fefdcf9000 	C:\Windows\system32\USP10.dll
0x000007fefc120000 - 0x000007fefc314000 	C:\Windows\WinSxS\amd64_microsoft.windows.common-controls_6595b64144ccf1df_6.0.7601.17514_none_fa396087175ac9ac\COMCTL32.dll
0x000007fefdfc0000 - 0x000007fefe031000 	C:\Windows\system32\SHLWAPI.dll
0x000007fefe230000 - 0x000007fefe25e000 	C:\Windows\system32\IMM32.DLL
0x000007feff810000 - 0x000007feff919000 	C:\Windows\system32\MSCTF.dll
0x000000006cb80000 - 0x000000006cc51000 	C:\Program Files\Java\jdk1.7.0_15\jre\bin\msvcr100.dll
0x00000000630d0000 - 0x00000000637ef000 	C:\Program Files\Java\jdk1.7.0_15\jre\bin\server\jvm.dll
0x000007fef3c30000 - 0x000007fef3c39000 	C:\Windows\system32\WSOCK32.dll
0x000007feff920000 - 0x000007feff96d000 	C:\Windows\system32\WS2_32.dll
0x000007feff970000 - 0x000007feff978000 	C:\Windows\system32\NSI.dll
0x000007fefa410000 - 0x000007fefa44b000 	C:\Windows\system32\WINMM.dll
0x0000000077b50000 - 0x0000000077b57000 	C:\Windows\system32\PSAPI.DLL
0x00000000729e0000 - 0x00000000729ef000 	C:\Program Files\Java\jdk1.7.0_15\jre\bin\verify.dll
0x000000006d8e0000 - 0x000000006d908000 	C:\Program Files\Java\jdk1.7.0_15\jre\bin\java.dll
0x000000006d960000 - 0x000000006d975000 	C:\Program Files\Java\jdk1.7.0_15\jre\bin\zip.dll

VM Arguments:
jvm_args: -Dfile.encoding=Cp1252 -Xbootclasspath:C:\Users\Thomas\AppData\Local\Android\android-sdk\platforms\android-17\android.jar;C:\Users\Thomas\AppData\Local\Android\android-sdk\add-ons\addon-google_apis-google-17\libs\effects.jar;C:\Users\Thomas\AppData\Local\Android\android-sdk\add-ons\addon-google_apis-google-17\libs\usb.jar;C:\Users\Thomas\AppData\Local\Android\android-sdk\add-ons\addon-google_apis-google-17\libs\maps.jar 
java_command: org.eclipse.jdt.internal.junit.runner.RemoteTestRunner -version 3 -port 60190 -testLoaderClass org.eclipse.jdt.internal.junit4.runner.JUnit4TestLoader -loaderpluginname org.eclipse.jdt.junit4.runtime -classNames tests.TestModel
Launcher Type: SUN_STANDARD

Environment Variables:
PATH=C:\Windows\system32;C:\Windows;C:\Windows\System32\Wbem;C:\Windows\System32\WindowsPowerShell\v1.0\;C:\Program Files (x86)\ATI Technologies\ATI.ACE\Core-Static;C:\Program Files\MATLAB\R2012b\bin;C:\Python27;C:\usr\bin
USERNAME=Thomas
OS=Windows_NT
PROCESSOR_IDENTIFIER=Intel64 Family 6 Model 23 Stepping 10, GenuineIntel



---------------  S Y S T E M  ---------------

OS: Windows 7 , 64 bit Build 7601 Service Pack 1

CPU:total 1 (1 cores per cpu, 1 threads per core) family 6 model 23 stepping 10, cmov, cx8, fxsr, mmx, sse, sse2, sse3, ssse3, sse4.1, tsc

Memory: 4k page, physical 8289068k(5742984k free), swap 16576280k(13551860k free)

vm_info: Java HotSpot(TM) 64-Bit Server VM (23.7-b01) for windows-amd64 JRE (1.7.0_15-b03), built on Feb 15 2013 13:43:57 by "java_re" with unknown MS VC++:1600

time: Tue Apr 09 10:00:29 2013
elapsed time: 0 seconds

